<?xml version="1.0" encoding="UTF-8"?>
<testsuite name="TestSuite" time="12.42" tests="2" errors="0" skipped="0" failures="2">
  <properties>
[...]
</properties>
  <testcase name="loginTest" classname="com.inetbanking.testCases.TC_LoginTest_001" time="8.639">
    <failure message="Dismissed user prompt dialog: User or Password is not valid: &#10;Build info: version: &apos;3.14.0&apos;, revision: &apos;aacccce0&apos;, time: &apos;2018-08-02T20:19:58.91Z&apos;&#10;System info: host: &apos;DESKTOP-RB5FJ4V&apos;, ip: &apos;192.168.1.35&apos;, os.name: &apos;Windows 10&apos;, os.arch: &apos;amd64&apos;, os.version: &apos;10.0&apos;, java.version: &apos;1.8.0_241&apos;&#10;Driver info: org.openqa.selenium.firefox.FirefoxDriver&#10;Capabilities {acceptInsecureCerts: true, browserName: firefox, browserVersion: 84.0.2, javascriptEnabled: true, moz:accessibilityChecks: false, moz:buildID: 20210105180113, moz:geckodriverVersion: 0.27.0, moz:headless: false, moz:processID: 15012, moz:profile: C:\Windows\Temp\rust_mozpro..., moz:shutdownTimeout: 60000, moz:useNonSpecCompliantPointerOrigin: false, moz:webdriverClick: true, pageLoadStrategy: normal, platform: WINDOWS, platformName: WINDOWS, platformVersion: 10.0, rotatable: false, setWindowRect: true, strictFileInteractability: false, timeouts: {implicit: 0, pageLoad: 300000, script: 30000}, unhandledPromptBehavior: dismiss and notify}&#10;Session ID: be603f6c-a69e-4e92-b6ba-0c598d587ca2" type="org.openqa.selenium.UnhandledAlertException">org.openqa.selenium.UnhandledAlertException: Dismissed user prompt dialog: User or Password is not valid: 
Build info: version: '3.14.0', revision: 'aacccce0', time: '2018-08-02T20:19:58.91Z'
System info: host: 'DESKTOP-RB5FJ4V', ip: '192.168.1.35', os.name: 'Windows 10', os.arch: 'amd64', os.version: '10.0', java.version: '1.8.0_241'
Driver info: org.openqa.selenium.firefox.FirefoxDriver
Capabilities {acceptInsecureCerts: true, browserName: firefox, browserVersion: 84.0.2, javascriptEnabled: true, moz:accessibilityChecks: false, moz:buildID: 20210105180113, moz:geckodriverVersion: 0.27.0, moz:headless: false, moz:processID: 15012, moz:profile: C:\Windows\Temp\rust_mozpro..., moz:shutdownTimeout: 60000, moz:useNonSpecCompliantPointerOrigin: false, moz:webdriverClick: true, pageLoadStrategy: normal, platform: WINDOWS, platformName: WINDOWS, platformVersion: 10.0, rotatable: false, setWindowRect: true, strictFileInteractability: false, timeouts: {implicit: 0, pageLoad: 300000, script: 30000}, unhandledPromptBehavior: dismiss and notify}
Session ID: be603f6c-a69e-4e92-b6ba-0c598d587ca2
	at org.openqa.selenium.remote.http.W3CHttpResponseCodec.decode(W3CHttpResponseCodec.java:120)
	at org.openqa.selenium.remote.http.W3CHttpResponseCodec.decode(W3CHttpResponseCodec.java:49)
	at org.openqa.selenium.remote.HttpCommandExecutor.execute(HttpCommandExecutor.java:158)
	at org.openqa.selenium.remote.service.DriverCommandExecutor.execute(DriverCommandExecutor.java:83)
	at org.openqa.selenium.remote.RemoteWebDriver.execute(RemoteWebDriver.java:548)
	at org.openqa.selenium.remote.RemoteWebDriver.execute(RemoteWebDriver.java:605)
	at org.openqa.selenium.remote.RemoteWebDriver.getTitle(RemoteWebDriver.java:280)
	at com.inetbanking.testCases.TC_LoginTest_001.loginTest(TC_LoginTest_001.java:31)
</failure>
    <system-out><![CDATA[ INFO [main] (TC_LoginTest_001.java:19)- URL is opened
 INFO [main] (TC_LoginTest_001.java:20)- This is first test case TC_LoginTest_001
 INFO [main] (TC_LoginTest_001.java:24)- Entered username
 INFO [main] (TC_LoginTest_001.java:27)- Entered password
]]></system-out>
    <system-err><![CDATA[1610537813983	geckodriver	INFO	Listening on 127.0.0.1:7151
1610537815086	mozrunner::runner	INFO	Running command: "C:\\Program Files\\Mozilla Firefox\\firefox.exe" "--marionette" "-foreground" "-no-remote" "-profile" "C:\\WINDOWS\\TEMP\\rust_mozprofilevAmai3"
Can't find symbol 'eglSwapBuffersWithDamageEXT'.
Can't find symbol 'eglSetDamageRegionKHR'.
[GFX1-]: RcANGLE(no compositor window)
[GFX1-]: Failed to connect WebRenderBridgeChild.
[GFX1-]: [D3D11] create swap chain failed: 0x887a0022, 0
[GFX1-]: [D3D11] Failed to init compositor with reason: FEATURE_FAILURE_D3D11_SWAP_CHAIN
JavaScript error: resource://gre/modules/XULStore.jsm, line 66: Error: Can't find profile directory.
[GFX1-]: [D3D11] create swap chain failed: 0x887a0022, 0
[GFX1-]: [D3D11] Failed to init compositor with reason: FEATURE_FAILURE_D3D11_SWAP_CHAIN
console.warn: SearchSettings: "get: No settings file exists, new profile?" (new Error("", "(unknown module)"))
[GFX1-]: [D3D11] create swap chain failed: 0x887a0022, 0
[GFX1-]: [D3D11] Failed to init compositor with reason: FEATURE_FAILURE_D3D11_SWAP_CHAIN
1610537839007	Marionette	INFO	Listening on port 58408
1610537840577	Marionette	WARN	TLS certificate errors will be ignored for this session
Jan 13, 2021 5:07:21 PM org.openqa.selenium.remote.ProtocolHandshake createSession
INFO: Detected dialect: W3C
[GFX1-]: [D3D11] create swap chain failed: 0x887a0022, 0
[GFX1-]: [D3D11] Failed to init compositor with reason: FEATURE_FAILURE_D3D11_SWAP_CHAIN
JavaScript error: http://demo.guru99.com/V4/index.php, line 1: SyntaxError: missing ) after argument list
]]></system-err>
  </testcase>
  <testcase name="addNewCustomer" classname="com.inetbanking.testCases.TC_AddCustomerTest_003" time="3.781">
    <failure message="Dismissed user prompt dialog: User or Password is not valid: &#10;Build info: version: &apos;3.14.0&apos;, revision: &apos;aacccce0&apos;, time: &apos;2018-08-02T20:19:58.91Z&apos;&#10;System info: host: &apos;DESKTOP-RB5FJ4V&apos;, ip: &apos;192.168.1.35&apos;, os.name: &apos;Windows 10&apos;, os.arch: &apos;amd64&apos;, os.version: &apos;10.0&apos;, java.version: &apos;1.8.0_241&apos;&#10;Driver info: org.openqa.selenium.firefox.FirefoxDriver&#10;Capabilities {acceptInsecureCerts: true, browserName: firefox, browserVersion: 84.0.2, javascriptEnabled: true, moz:accessibilityChecks: false, moz:buildID: 20210105180113, moz:geckodriverVersion: 0.27.0, moz:headless: false, moz:processID: 1692, moz:profile: C:\Windows\Temp\rust_mozpro..., moz:shutdownTimeout: 60000, moz:useNonSpecCompliantPointerOrigin: false, moz:webdriverClick: true, pageLoadStrategy: normal, platform: WINDOWS, platformName: WINDOWS, platformVersion: 10.0, rotatable: false, setWindowRect: true, strictFileInteractability: false, timeouts: {implicit: 0, pageLoad: 300000, script: 30000}, unhandledPromptBehavior: dismiss and notify}&#10;Session ID: 2a5afdf8-e1dd-49e9-af1d-a8471f32bf5f&#10;*** Element info: {Using=xpath, value=/html/body/div[3]/div/ul/li[2]/a}" type="org.openqa.selenium.UnhandledAlertException">org.openqa.selenium.UnhandledAlertException: Dismissed user prompt dialog: User or Password is not valid: 
Build info: version: '3.14.0', revision: 'aacccce0', time: '2018-08-02T20:19:58.91Z'
System info: host: 'DESKTOP-RB5FJ4V', ip: '192.168.1.35', os.name: 'Windows 10', os.arch: 'amd64', os.version: '10.0', java.version: '1.8.0_241'
Driver info: org.openqa.selenium.firefox.FirefoxDriver
Capabilities {acceptInsecureCerts: true, browserName: firefox, browserVersion: 84.0.2, javascriptEnabled: true, moz:accessibilityChecks: false, moz:buildID: 20210105180113, moz:geckodriverVersion: 0.27.0, moz:headless: false, moz:processID: 1692, moz:profile: C:\Windows\Temp\rust_mozpro..., moz:shutdownTimeout: 60000, moz:useNonSpecCompliantPointerOrigin: false, moz:webdriverClick: true, pageLoadStrategy: normal, platform: WINDOWS, platformName: WINDOWS, platformVersion: 10.0, rotatable: false, setWindowRect: true, strictFileInteractability: false, timeouts: {implicit: 0, pageLoad: 300000, script: 30000}, unhandledPromptBehavior: dismiss and notify}
Session ID: 2a5afdf8-e1dd-49e9-af1d-a8471f32bf5f
*** Element info: {Using=xpath, value=/html/body/div[3]/div/ul/li[2]/a}
	at org.openqa.selenium.remote.http.W3CHttpResponseCodec.decode(W3CHttpResponseCodec.java:120)
	at org.openqa.selenium.remote.http.W3CHttpResponseCodec.decode(W3CHttpResponseCodec.java:49)
	at org.openqa.selenium.remote.HttpCommandExecutor.execute(HttpCommandExecutor.java:158)
	at org.openqa.selenium.remote.service.DriverCommandExecutor.execute(DriverCommandExecutor.java:83)
	at org.openqa.selenium.remote.RemoteWebDriver.execute(RemoteWebDriver.java:548)
	at org.openqa.selenium.remote.RemoteWebDriver.findElement(RemoteWebDriver.java:322)
	at org.openqa.selenium.remote.RemoteWebDriver.findElementByXPath(RemoteWebDriver.java:424)
	at org.openqa.selenium.By$ByXPath.findElement(By.java:353)
	at org.openqa.selenium.remote.RemoteWebDriver.findElement(RemoteWebDriver.java:314)
	at org.openqa.selenium.support.pagefactory.DefaultElementLocator.findElement(DefaultElementLocator.java:69)
	at org.openqa.selenium.support.pagefactory.internal.LocatingElementHandler.invoke(LocatingElementHandler.java:38)
	at com.sun.proxy.$Proxy9.click(Unknown Source)
	at com.inetbanking.pageObjects.AddCustomerPage.clickAddNewCustomer(AddCustomerPage.java:68)
	at com.inetbanking.testCases.TC_AddCustomerTest_003.addNewCustomer(TC_AddCustomerTest_003.java:29)
</failure>
    <system-out><![CDATA[ INFO [main] (TC_AddCustomerTest_003.java:18)- This is 3rd test case TC_AddCustomerTest_003
 INFO [main] (TC_AddCustomerTest_003.java:20)- User name is provided
 INFO [main] (TC_AddCustomerTest_003.java:22)- Passsword is provided
]]></system-out>
    <system-err><![CDATA[1610537851983	Marionette	INFO	Stopped listening on port 58408
JavaScript error: resource://devtools/client/jsonview/Sniffer.jsm, line 53: NS_ERROR_NOT_AVAILABLE: Component returned failure code: 0x80040111 (NS_ERROR_NOT_AVAILABLE) [nsIChannel.contentType]

###!!! [Child][RunMessage] Error: Channel closing: too late to send/recv, messages will be lost

1610537858149	geckodriver	INFO	Listening on 127.0.0.1:29929
1610537858585	mozrunner::runner	INFO	Running command: "C:\\Program Files\\Mozilla Firefox\\firefox.exe" "--marionette" "-foreground" "-no-remote" "-profile" "C:\\WINDOWS\\TEMP\\rust_mozprofilejq888n"
Can't find symbol 'eglSwapBuffersWithDamageEXT'.
Can't find symbol 'eglSetDamageRegionKHR'.
[GFX1-]: RcANGLE(no compositor window)
[GFX1-]: Failed to connect WebRenderBridgeChild.
[GFX1-]: [D3D11] create swap chain failed: 0x887a0022, 0
[GFX1-]: [D3D11] Failed to init compositor with reason: FEATURE_FAILURE_D3D11_SWAP_CHAIN
[GFX1-]: [D3D11] create swap chain failed: 0x887a0022, 0
[GFX1-]: [D3D11] Failed to init compositor with reason: FEATURE_FAILURE_D3D11_SWAP_CHAIN
JavaScript error: resource://gre/modules/XULStore.jsm, line 66: Error: Can't find profile directory.
console.warn: SearchSettings: "get: No settings file exists, new profile?" (new Error("", "(unknown module)"))
[GFX1-]: [D3D11] create swap chain failed: 0x887a0022, 0
[GFX1-]: [D3D11] Failed to init compositor with reason: FEATURE_FAILURE_D3D11_SWAP_CHAIN
1610537866164	Marionette	INFO	Listening on port 58526
1610537866600	Marionette	WARN	TLS certificate errors will be ignored for this session
Jan 13, 2021 5:07:46 PM org.openqa.selenium.remote.ProtocolHandshake createSession
INFO: Detected dialect: W3C
JavaScript error: , line 0: NotFoundError: No such JSWindowActor 'MarionetteEvents'
JavaScript error: , line 0: NotFoundError: No such JSWindowActor 'MarionetteEvents'
JavaScript error: , line 0: uncaught exception: undefined
JavaScript error: http://demo.guru99.com/V4/index.php, line 1: SyntaxError: missing ) after argument list
]]></system-err>
  </testcase>
</testsuite>